<?xml version="1.0" encoding="UTF-8"?>
<testsuite xmlns:xsi="http://www.w3.org/2001/XMLSchema-instance" xsi:noNamespaceSchemaLocation="https://maven.apache.org/surefire/maven-surefire-plugin/xsd/surefire-test-report.xsd" version="3.0.2" name="com.acme.platform.events.EventStoreTest" time="0.005" tests="5" errors="0" skipped="0" failures="0" flakes="0">
  <properties>
[...]
</properties>
  <testcase name="appendBroadcastsToRegisteredListeners" classname="com.acme.platform.events.EventStoreTest" time="0.002"/>
  <testcase name="allReturnsEventsInAppendOrder" classname="com.acme.platform.events.EventStoreTest" time="0.001"/>
  <testcase name="idsAreUniqueUuids" classname="com.acme.platform.events.EventStoreTest" time="0.0"/>
  <testcase name="categoryDefaultsToDomain" classname="com.acme.platform.events.EventStoreTest" time="0.0"/>
  <testcase name="seqIncrementsFromOne" classname="com.acme.platform.events.EventStoreTest" time="0.001"/>
</testsuite>